✔ Provisioned a dev deployment and saved its name as CONVEX_DEPLOYMENT to .env.local

Write your Convex functions in convex/
Give us feedback at https://convex.dev/community or support@convex.dev
View the Convex dashboard at https://dashboard.convex.dev/d/sleek-sockeye-75

- Preparing Convex functions...

✔ 14:13:05 Convex functions ready! (2.41s)
- Preparing Convex functions...

✔ 14:34:20 Convex functions ready! (2.88s)
- Preparing Convex functions...

✔ 14:34:50 Convex functions ready! (827.33ms)
- Preparing Convex functions...

✔ 14:34:55 Convex functions ready! (637.92ms)
- Preparing Convex functions...

✔ 14:43:10 Convex functions ready! (2.62s)
- Preparing Convex functions...

✔ 14:43:11 Convex functions ready! (473.62ms)
- Preparing Convex functions...

✔ 14:43:19 Convex functions ready! (2.05s)
Filesystem changed during push, retrying...
- Preparing Convex functions...

✔ 14:43:19 Convex functions ready! (405.52ms)
